<?xml version="1.0" encoding="UTF-8"?>
<!-- Generated by org.testng.reporters.JUnitXMLReporter -->
<testsuite ignored="0" hostname="DESKTOP-GI1KQ89" failures="0" tests="4" name="Test" time="27.211" errors="0" timestamp="15 Jul 2021 04:29:19 GMT">
  <testcase classname="Academy.EndToEndDemo.ValidateTitle" name="navigationbarValidation" time="0.465"/>
  <testcase classname="Academy.EndToEndDemo.HomePage" name="basePageNavigation" time="1.775"/>
  <testcase classname="Academy.EndToEndDemo.HomePage" name="basePageNavigation" time="1.768"/>
  <testcase classname="Academy.EndToEndDemo.ValidateNavigateBar" name="basePageNavigation" time="0.162"/>
</testsuite> <!-- Test -->
