<?xml version="1.0" encoding="UTF-8"?>
<!-- Generated by org.testng.reporters.JUnitXMLReporter -->
<testsuite hostname="DESKTOP-GI1KQ89" ignored="0" name="NavigationbarValidation" tests="1" failures="1" timestamp="19 Jul 2021 04:46:05 GMT" time="15.004" errors="0">
  <testcase name="basePageNavigation" time="0.269" classname="Academy.EndToEndDemo.ValidateNavigateBar">
    <failure type="java.lang.AssertionError" message="expected [Wellllcome to our store] but found [Welcome to our store]">
      <![CDATA[java.lang.AssertionError: expected [Wellllcome to our store] but found [Welcome to our store]
at Academy.EndToEndDemo.ValidateNavigateBar.basePageNavigation(ValidateNavigateBar.java:32)
at java.util.concurrent.FutureTask.run(FutureTask.java:266)
at java.util.concurrent.ThreadPoolExecutor.runWorker(ThreadPoolExecutor.java:1149)
at java.util.concurrent.ThreadPoolExecutor$Worker.run(ThreadPoolExecutor.java:624)
at java.lang.Thread.run(Thread.java:748)
... Removed 22 stack frames]]>
    </failure>
  </testcase> <!-- basePageNavigation -->
</testsuite> <!-- NavigationbarValidation -->
