<?xml version="1.0" encoding="UTF-8"?>
<!-- Generated by org.testng.reporters.JUnitXMLReporter -->
<testsuite hostname="DESKTOP-GI1KQ89" ignored="0" name="Test" tests="4" failures="0" timestamp="16 Jul 2021 04:25:07 GMT" time="24.922" errors="0">
  <testcase name="navigationbarValidation" time="0.241" classname="Academy.EndToEndDemo.ValidateTitle"/>
  <testcase name="basePageNavigation" time="2.361" classname="Academy.EndToEndDemo.HomePage"/>
  <testcase name="basePageNavigation" time="2.052" classname="Academy.EndToEndDemo.HomePage"/>
  <testcase name="basePageNavigation" time="0.084" classname="Academy.EndToEndDemo.ValidateNavigateBar"/>
</testsuite> <!-- Test -->
