-------------------------------------------------------------------------------
Test set: TestSuite
-------------------------------------------------------------------------------
Tests run: 4, Failures: 1, Errors: 0, Skipped: 0, Time elapsed: 27.078 s <<< FAILURE! - in TestSuite
Academy.EndToEndDemo.ValidateNavigateBar.basePageNavigation  Time elapsed: 0.149 s  <<< FAILURE!
java.lang.AssertionError: expected [Wellllcome to our store] but found [Welcome to our store]
	at Academy.EndToEndDemo.ValidateNavigateBar.basePageNavigation(ValidateNavigateBar.java:32)

