<?xml version="1.0" encoding="UTF-8"?>
<testsuite xmlns:xsi="http://www.w3.org/2001/XMLSchema-instance" xsi:noNamespaceSchemaLocation="https://maven.apache.org/surefire/maven-surefire-plugin/xsd/surefire-test-report-3.0.xsd" version="3.0" name="TestSuite" time="27.078" tests="4" errors="0" skipped="0" failures="1">
  <properties>
[...]
</properties>
  <testcase name="basePageNavigation" classname="Academy.EndToEndDemo.ValidateNavigateBar" time="0.149">
    <failure message="expected [Wellllcome to our store] but found [Welcome to our store]" type="java.lang.AssertionError"><![CDATA[java.lang.AssertionError: expected [Wellllcome to our store] but found [Welcome to our store]
	at Academy.EndToEndDemo.ValidateNavigateBar.basePageNavigation(ValidateNavigateBar.java:32)
]]></failure>
    <system-out><![CDATA[[TestNGContentHandler] [WARN] It is strongly recommended to add "<!DOCTYPE suite SYSTEM "http://testng.org/testng-1.0.dtd" >" at the top of your file, otherwise TestNG may fail or not work as expected.
]]></system-out>
    <system-err><![CDATA[StSarttinga Crhtrionmge DCrhirvomereD 9r1iv.eSr0t .9ar14.t4i07n.24g. 4C72h.ro110me10D 1(r ia(fva5er2f a599210ab.0f9.874004b3f078d72d013.5012d03d14158 26(a3a418c6dfa315ace2d2a359ac5e02db57f6c8c57d97b0-63cr0e9dfbd-s1r/5eb2rf3sa4/n8bc6rhaa-nhceha-dhse/a4d4s7/2@4{47#12@46{2#}14) 62o}n1) cp doo3nra tep 2o452rct48 64501
dO77n6lcy
9O b-nllroeyc fasl/olbc racalon nccnohe-nchneetcaidtosin/os4n 4s 7aa2r@er {ea# 1la4llo6l2wo}ewd)e. do.n
 P
lpeorastPe 1 l7s9ee5e 5ha
ttOspes n:ls/ey/e cl horhcotamtlep sc:dri/ve/r.cchrohmoirunm.noercgt/isoencsu rairtey -acolnlsoiwdeedr.at
Polemaesde rsievee hr.chromiiuomns f.otortrpg /ssu:sg/egc/ecushrtiroionmtsye o-ncd rokienepsiindge Chvreorm.ecDhrirvoemri usma.foer.g/
secrations for sugurity-considerations for suggestions on keepingg eCshtriomoenDrisve ro sanfe .ke
eping ChromeDriver safe.
ChromeDriver was startCehdr osmuecDcresivsefrul wlays. st
arted successfully.
ChromeDriver was started successfully.
Jul 19, 2021 10:15:56 AM org.openqa.selenium.remote.ProtocolHandshake createSession
INFO: Detected dialect: W3C
Jul 19, 2021 10:15:56 AM org.openqa.selenium.remote.ProtocolHandshake createSession
INFO: Detected dialect: W3C
Jul 19, 2021 10:15:56 AM org.openqa.selenium.remote.ProtocolHandshake createSession
INFO: Detected dialect: W3C
]]></system-err>
  </testcase>
  <testcase name="navigationbarValidation" classname="Academy.EndToEndDemo.ValidateTitle" time="0.27"/>
  <testcase name="basePageNavigation[aa@mm.com, password1](1)" classname="Academy.EndToEndDemo.HomePage" time="2.341"/>
  <testcase name="basePageNavigation[bb@mm.com, password2](2)" classname="Academy.EndToEndDemo.HomePage" time="2.688"/>
</testsuite>